<!DOCTYPE html PUBLIC "-//W3C//DTD XHTML 1.1//EN" "http://www.w3.org/TR/xhtml11/DTD/xhtml11.dtd">
<html xmlns="http://www.w3.org/1999/xhtml"><head><title>TestNG Report</title><style type="text/css">table {margin-bottom:10px;border-collapse:collapse;empty-cells:show}th,td {border:1px solid #009;padding:.25em .5em}th {vertical-align:bottom}td {vertical-align:top}table a {font-weight:bold}.stripe td {background-color: #E6EBF9}.num {text-align:right}.passedodd td {background-color: #3F3}.passedeven td {background-color: #0A0}.skippedodd td {background-color: #DDD}.skippedeven td {background-color: #CCC}.failedodd td,.attn {background-color: #F33}.failedeven td,.stripe .attn {background-color: #D00}.stacktrace {white-space:pre;font-family:monospace}.totop {font-size:85%;text-align:center;border-bottom:2px solid #000}</style></head><body><table><tr><th>Test</th><th># Passed</th><th># Skipped</th><th># Failed</th><th>Time (ms)</th><th>Included Groups</th><th>Excluded Groups</th></tr><tr><th colspan="7">mvn-yahoo-test</th></tr><tr><td><a href="#t0">Yahoo</a></td><td class="num">1</td><td class="num">0</td><td class="num attn">4</td><td class="num">20,461</td><td></td><td></td></tr></table><table><thead><tr><th>Class</th><th>Method</th><th>Start</th><th>Time (ms)</th></tr></thead><tbody><tr><th colspan="4">mvn-yahoo-test</th></tr></tbody><tbody id="t0"><tr><th colspan="4">Yahoo &#8212; failed</th></tr><tr class="failedeven"><td rowspan="4">testcases.VerifyTest</td><td><a href="#m0">test1</a></td><td rowspan="1">1406055467898</td><td rowspan="1">1</td></tr><tr class="failedeven"><td><a href="#m1">test2</a></td><td rowspan="1">1406055467902</td><td rowspan="1">2</td></tr><tr class="failedeven"><td><a href="#m2">test3</a></td><td rowspan="1">1406055467906</td><td rowspan="1">0</td></tr><tr class="failedeven"><td><a href="#m3">test4</a></td><td rowspan="1">1406055467907</td><td rowspan="1">0</td></tr><tr><th colspan="4">Yahoo &#8212; passed</th></tr><tr class="passedeven"><td rowspan="1">testcases.loginTest</td><td><a href="#m4">login_01</a></td><td rowspan="1">1406055453405</td><td rowspan="1">13352</td></tr></tbody></table><h2>Yahoo</h2><h3 id="m0">testcases.VerifyTest#test1</h3><table class="result"><tr><th>Exception</th></tr><tr><td><div class="stacktrace">java.lang.Throwable: Multiple failures (3):

Failure 1 of 3:
java.lang.AssertionError: expected [true] but found [false]
	at utils.TestBase.assertTrue(TestBase.java:19)
	at utils.TestBase.verifyTrue(TestBase.java:53)
	at testcases.VerifyTest.test1(VerifyTest.java:11)


Failure 2 of 3:
java.lang.AssertionError: expected [fail] but found [pass]
	at utils.TestBase.assertEquals(TestBase.java:39)
	at utils.TestBase.verifyEquals(TestBase.java:93)
	at testcases.VerifyTest.test1(VerifyTest.java:12)


Failure 3 of 3:
java.lang.AssertionError: expected [false] but found [true]
	at utils.TestBase.assertFalse(TestBase.java:27)
	at utils.TestBase.verifyFalse(TestBase.java:69)
	at testcases.VerifyTest.test1(VerifyTest.java:13)
... Removed 84 stack frames</div></td></tr></table><p class="totop"><a href="#summary">back to summary</a></p><h3 id="m1">testcases.VerifyTest#test2</h3><table class="result"><tr><th>Exception</th></tr><tr><td><div class="stacktrace">java.lang.Throwable: Multiple failures (2):

Failure 1 of 2:
java.lang.AssertionError: expected [true] but found [false]
	at utils.TestBase.assertTrue(TestBase.java:19)
	at utils.TestBase.verifyTrue(TestBase.java:53)
	at testcases.VerifyTest.test2(VerifyTest.java:18)


Failure 2 of 2:
java.lang.AssertionError: expected [fail] but found [pass]
	at utils.TestBase.assertEquals(TestBase.java:39)
	at testcases.VerifyTest.test2(VerifyTest.java:19)
... Removed 56 stack frames</div></td></tr></table><p class="totop"><a href="#summary">back to summary</a></p><h3 id="m2">testcases.VerifyTest#test3</h3><table class="result"><tr><th>Exception</th></tr><tr><td><div class="stacktrace">java.lang.AssertionError: expected [true] but found [false]
	at utils.TestBase.assertTrue(TestBase.java:19)
	at utils.TestBase.verifyTrue(TestBase.java:53)
	at testcases.VerifyTest.test3(VerifyTest.java:26)
... Removed 28 stack frames</div></td></tr></table><p class="totop"><a href="#summary">back to summary</a></p><h3 id="m3">testcases.VerifyTest#test4</h3><table class="result"><tr><th>Exception</th></tr><tr><td><div class="stacktrace">java.lang.AssertionError: expected [true] but found [false]
	at utils.TestBase.assertTrue(TestBase.java:19)
	at testcases.VerifyTest.test4(VerifyTest.java:33)
... Removed 28 stack frames</div></td></tr></table><p class="totop"><a href="#summary">back to summary</a></p><h3 id="m4">testcases.loginTest#login_01</h3><table class="result"></table><p class="totop"><a href="#summary">back to summary</a></p></body></html>